[2024-01-02 11:10:27 INFO  main] [com.green.greengram3.feed.FeedControllerTest] Starting FeedControllerTest using Java 17.0.8.1 with PID 6036 (started by Administrator in D:\Students\hyun\java\greengram3)
[2024-01-02 11:10:27 INFO  main] [com.green.greengram3.feed.FeedControllerTest] No active profile set, falling back to 1 default profile: "default"
[2024-01-02 11:10:28 INFO  main] [org.springframework.boot.autoconfigure.web.servlet.WelcomePageHandlerMapping] Adding welcome page: class path resource [static/index.html]
[2024-01-02 11:10:28 INFO  main] [org.springframework.boot.test.mock.web.SpringBootMockServletContext] Initializing Spring TestDispatcherServlet ''
[2024-01-02 11:10:28 INFO  main] [org.springframework.test.web.servlet.TestDispatcherServlet] Initializing Servlet ''
[2024-01-02 11:10:28 INFO  main] [org.springframework.test.web.servlet.TestDispatcherServlet] Completed initialization in 0 ms
[2024-01-02 11:10:28 INFO  main] [com.green.greengram3.feed.FeedControllerTest] Started FeedControllerTest in 2.037 seconds (process running for 3.002)
[2024-01-02 11:10:59 INFO  main] [com.green.greengram3.feed.FeedControllerTest] Starting FeedControllerTest using Java 17.0.8.1 with PID 3136 (started by Administrator in D:\Students\hyun\java\greengram3)
[2024-01-02 11:10:59 INFO  main] [com.green.greengram3.feed.FeedControllerTest] No active profile set, falling back to 1 default profile: "default"
[2024-01-02 11:11:00 INFO  main] [org.springframework.boot.autoconfigure.web.servlet.WelcomePageHandlerMapping] Adding welcome page: class path resource [static/index.html]
[2024-01-02 11:11:00 INFO  main] [org.springframework.boot.test.mock.web.SpringBootMockServletContext] Initializing Spring TestDispatcherServlet ''
[2024-01-02 11:11:00 INFO  main] [org.springframework.test.web.servlet.TestDispatcherServlet] Initializing Servlet ''
[2024-01-02 11:11:00 INFO  main] [org.springframework.test.web.servlet.TestDispatcherServlet] Completed initialization in 1 ms
[2024-01-02 11:11:00 INFO  main] [com.green.greengram3.feed.FeedControllerTest] Started FeedControllerTest in 1.691 seconds (process running for 2.483)
[2024-01-02 11:13:30 INFO  main] [com.green.greengram3.feed.FeedControllerTest] Starting FeedControllerTest using Java 17.0.8.1 with PID 9260 (started by Administrator in D:\Students\hyun\java\greengram3)
[2024-01-02 11:13:30 INFO  main] [com.green.greengram3.feed.FeedControllerTest] No active profile set, falling back to 1 default profile: "default"
[2024-01-02 11:13:31 INFO  main] [org.springframework.boot.autoconfigure.web.servlet.WelcomePageHandlerMapping] Adding welcome page: class path resource [static/index.html]
[2024-01-02 11:13:31 INFO  main] [org.springframework.boot.test.mock.web.SpringBootMockServletContext] Initializing Spring TestDispatcherServlet ''
[2024-01-02 11:13:31 INFO  main] [org.springframework.test.web.servlet.TestDispatcherServlet] Initializing Servlet ''
[2024-01-02 11:13:31 INFO  main] [org.springframework.test.web.servlet.TestDispatcherServlet] Completed initialization in 0 ms
[2024-01-02 11:13:31 INFO  main] [com.green.greengram3.feed.FeedControllerTest] Started FeedControllerTest in 1.886 seconds (process running for 2.921)
[2024-01-02 11:14:15 INFO  main] [com.green.greengram3.feed.FeedControllerTest] Starting FeedControllerTest using Java 17.0.8.1 with PID 7224 (started by Administrator in D:\Students\hyun\java\greengram3)
[2024-01-02 11:14:15 INFO  main] [com.green.greengram3.feed.FeedControllerTest] No active profile set, falling back to 1 default profile: "default"
[2024-01-02 11:14:16 INFO  main] [org.springframework.boot.autoconfigure.web.servlet.WelcomePageHandlerMapping] Adding welcome page: class path resource [static/index.html]
[2024-01-02 11:14:17 INFO  main] [org.springframework.boot.test.mock.web.SpringBootMockServletContext] Initializing Spring TestDispatcherServlet ''
[2024-01-02 11:14:17 INFO  main] [org.springframework.test.web.servlet.TestDispatcherServlet] Initializing Servlet ''
[2024-01-02 11:14:17 INFO  main] [org.springframework.test.web.servlet.TestDispatcherServlet] Completed initialization in 1 ms
[2024-01-02 11:14:17 INFO  main] [com.green.greengram3.feed.FeedControllerTest] Started FeedControllerTest in 1.692 seconds (process running for 2.514)
[2024-01-02 11:14:33 INFO  main] [com.green.greengram3.feed.FeedControllerTest] Starting FeedControllerTest using Java 17.0.8.1 with PID 6260 (started by Administrator in D:\Students\hyun\java\greengram3)
[2024-01-02 11:14:33 INFO  main] [com.green.greengram3.feed.FeedControllerTest] No active profile set, falling back to 1 default profile: "default"
[2024-01-02 11:14:34 INFO  main] [org.springframework.boot.autoconfigure.web.servlet.WelcomePageHandlerMapping] Adding welcome page: class path resource [static/index.html]
[2024-01-02 11:14:34 INFO  main] [org.springframework.boot.test.mock.web.SpringBootMockServletContext] Initializing Spring TestDispatcherServlet ''
[2024-01-02 11:14:34 INFO  main] [org.springframework.test.web.servlet.TestDispatcherServlet] Initializing Servlet ''
[2024-01-02 11:14:34 INFO  main] [org.springframework.test.web.servlet.TestDispatcherServlet] Completed initialization in 1 ms
[2024-01-02 11:14:34 INFO  main] [com.green.greengram3.feed.FeedControllerTest] Started FeedControllerTest in 1.706 seconds (process running for 2.524)
[2024-01-02 13:01:47 INFO  main] [com.green.greengram3.feed.FeedIntegrationTest] Starting FeedIntegrationTest using Java 17.0.8.1 with PID 4964 (started by Administrator in D:\Students\hyun\java\greengram3)
[2024-01-02 13:01:47 INFO  main] [com.green.greengram3.feed.FeedIntegrationTest] No active profile set, falling back to 1 default profile: "default"
[2024-01-02 13:01:48 INFO  main] [org.springframework.boot.web.embedded.tomcat.TomcatWebServer] Tomcat initialized with port 0 (http)
[2024-01-02 13:01:48 INFO  main] [org.apache.coyote.http11.Http11NioProtocol] Initializing ProtocolHandler ["http-nio-auto-1"]
[2024-01-02 13:01:48 INFO  main] [org.apache.catalina.core.StandardService] Starting service [Tomcat]
[2024-01-02 13:01:48 INFO  main] [org.apache.catalina.core.StandardEngine] Starting Servlet engine: [Apache Tomcat/10.1.16]
[2024-01-02 13:01:48 INFO  main] [org.apache.catalina.core.ContainerBase.[Tomcat].[localhost].[/]] Initializing Spring embedded WebApplicationContext
[2024-01-02 13:01:48 INFO  main] [org.springframework.boot.web.servlet.context.ServletWebServerApplicationContext] Root WebApplicationContext: initialization completed in 1098 ms
[2024-01-02 13:01:48 INFO  main] [com.green.greengram3.common.FirebaseConfiguration] FirebaseApp Initialization Complete !!!
[2024-01-02 13:01:49 INFO  main] [org.springframework.boot.autoconfigure.web.servlet.WelcomePageHandlerMapping] Adding welcome page: class path resource [static/index.html]
[2024-01-02 13:01:49 INFO  main] [org.apache.catalina.core.ContainerBase.[Tomcat].[localhost].[/]] Initializing Spring TestDispatcherServlet ''
[2024-01-02 13:01:49 INFO  main] [org.springframework.test.web.servlet.TestDispatcherServlet] Initializing Servlet ''
[2024-01-02 13:01:49 INFO  main] [org.springframework.test.web.servlet.TestDispatcherServlet] Completed initialization in 0 ms
[2024-01-02 13:01:49 INFO  main] [org.apache.coyote.http11.Http11NioProtocol] Starting ProtocolHandler ["http-nio-auto-1"]
[2024-01-02 13:01:49 INFO  main] [org.springframework.boot.web.embedded.tomcat.TomcatWebServer] Tomcat started on port 51309 (http) with context path ''
[2024-01-02 13:01:49 INFO  main] [com.green.greengram3.feed.FeedIntegrationTest] Started FeedIntegrationTest in 2.21 seconds (process running for 3.119)
[2024-01-02 13:01:49 INFO  main] [com.zaxxer.hikari.HikariDataSource] HikariPool-1 - Starting...
[2024-01-02 13:01:49 INFO  main] [com.zaxxer.hikari.pool.HikariPool] HikariPool-1 - Added connection org.mariadb.jdbc.Connection@4b9fa2f
[2024-01-02 13:01:49 INFO  main] [com.zaxxer.hikari.HikariDataSource] HikariPool-1 - Start completed.
[2024-01-02 13:01:50 INFO  SpringApplicationShutdownHook] [com.zaxxer.hikari.HikariDataSource] HikariPool-1 - Shutdown initiated...
[2024-01-02 13:01:50 INFO  SpringApplicationShutdownHook] [com.zaxxer.hikari.HikariDataSource] HikariPool-1 - Shutdown completed.
[2024-01-02 13:02:21 INFO  main] [com.green.greengram3.feed.FeedIntegrationTest] Starting FeedIntegrationTest using Java 17.0.8.1 with PID 9404 (started by Administrator in D:\Students\hyun\java\greengram3)
[2024-01-02 13:02:21 INFO  main] [com.green.greengram3.feed.FeedIntegrationTest] No active profile set, falling back to 1 default profile: "default"
[2024-01-02 13:02:22 INFO  main] [org.springframework.boot.web.embedded.tomcat.TomcatWebServer] Tomcat initialized with port 0 (http)
[2024-01-02 13:02:22 INFO  main] [org.apache.coyote.http11.Http11NioProtocol] Initializing ProtocolHandler ["http-nio-auto-1"]
[2024-01-02 13:02:22 INFO  main] [org.apache.catalina.core.StandardService] Starting service [Tomcat]
[2024-01-02 13:02:22 INFO  main] [org.apache.catalina.core.StandardEngine] Starting Servlet engine: [Apache Tomcat/10.1.16]
[2024-01-02 13:02:22 INFO  main] [org.apache.catalina.core.ContainerBase.[Tomcat].[localhost].[/]] Initializing Spring embedded WebApplicationContext
[2024-01-02 13:02:22 INFO  main] [org.springframework.boot.web.servlet.context.ServletWebServerApplicationContext] Root WebApplicationContext: initialization completed in 955 ms
[2024-01-02 13:02:22 INFO  main] [com.green.greengram3.common.FirebaseConfiguration] FirebaseApp Initialization Complete !!!
[2024-01-02 13:02:23 INFO  main] [org.springframework.boot.autoconfigure.web.servlet.WelcomePageHandlerMapping] Adding welcome page: class path resource [static/index.html]
[2024-01-02 13:02:23 INFO  main] [org.apache.catalina.core.ContainerBase.[Tomcat].[localhost].[/]] Initializing Spring TestDispatcherServlet ''
[2024-01-02 13:02:23 INFO  main] [org.springframework.test.web.servlet.TestDispatcherServlet] Initializing Servlet ''
[2024-01-02 13:02:23 INFO  main] [org.springframework.test.web.servlet.TestDispatcherServlet] Completed initialization in 0 ms
[2024-01-02 13:02:23 INFO  main] [org.apache.coyote.http11.Http11NioProtocol] Starting ProtocolHandler ["http-nio-auto-1"]
[2024-01-02 13:02:23 INFO  main] [org.springframework.boot.web.embedded.tomcat.TomcatWebServer] Tomcat started on port 51327 (http) with context path ''
[2024-01-02 13:02:23 INFO  main] [com.green.greengram3.feed.FeedIntegrationTest] Started FeedIntegrationTest in 1.972 seconds (process running for 2.843)
[2024-01-02 13:02:23 INFO  main] [com.zaxxer.hikari.HikariDataSource] HikariPool-1 - Starting...
[2024-01-02 13:02:23 INFO  main] [com.zaxxer.hikari.pool.HikariPool] HikariPool-1 - Added connection org.mariadb.jdbc.Connection@624d778e
[2024-01-02 13:02:23 INFO  main] [com.zaxxer.hikari.HikariDataSource] HikariPool-1 - Start completed.
[2024-01-02 13:02:24 INFO  SpringApplicationShutdownHook] [com.zaxxer.hikari.HikariDataSource] HikariPool-1 - Shutdown initiated...
[2024-01-02 13:02:24 INFO  SpringApplicationShutdownHook] [com.zaxxer.hikari.HikariDataSource] HikariPool-1 - Shutdown completed.
[2024-01-02 13:02:41 INFO  main] [com.green.greengram3.feed.FeedIntegrationTest] Starting FeedIntegrationTest using Java 17.0.8.1 with PID 3568 (started by Administrator in D:\Students\hyun\java\greengram3)
[2024-01-02 13:02:41 INFO  main] [com.green.greengram3.feed.FeedIntegrationTest] No active profile set, falling back to 1 default profile: "default"
[2024-01-02 13:02:41 INFO  main] [org.springframework.boot.web.embedded.tomcat.TomcatWebServer] Tomcat initialized with port 0 (http)
[2024-01-02 13:02:41 INFO  main] [org.apache.coyote.http11.Http11NioProtocol] Initializing ProtocolHandler ["http-nio-auto-1"]
[2024-01-02 13:02:41 INFO  main] [org.apache.catalina.core.StandardService] Starting service [Tomcat]
[2024-01-02 13:02:41 INFO  main] [org.apache.catalina.core.StandardEngine] Starting Servlet engine: [Apache Tomcat/10.1.16]
[2024-01-02 13:02:41 INFO  main] [org.apache.catalina.core.ContainerBase.[Tomcat].[localhost].[/]] Initializing Spring embedded WebApplicationContext
[2024-01-02 13:02:41 INFO  main] [org.springframework.boot.web.servlet.context.ServletWebServerApplicationContext] Root WebApplicationContext: initialization completed in 945 ms
[2024-01-02 13:02:42 INFO  main] [com.green.greengram3.common.FirebaseConfiguration] FirebaseApp Initialization Complete !!!
[2024-01-02 13:02:42 INFO  main] [org.springframework.boot.autoconfigure.web.servlet.WelcomePageHandlerMapping] Adding welcome page: class path resource [static/index.html]
[2024-01-02 13:02:42 INFO  main] [org.apache.catalina.core.ContainerBase.[Tomcat].[localhost].[/]] Initializing Spring TestDispatcherServlet ''
[2024-01-02 13:02:42 INFO  main] [org.springframework.test.web.servlet.TestDispatcherServlet] Initializing Servlet ''
[2024-01-02 13:02:42 INFO  main] [org.springframework.test.web.servlet.TestDispatcherServlet] Completed initialization in 1 ms
[2024-01-02 13:02:42 INFO  main] [org.apache.coyote.http11.Http11NioProtocol] Starting ProtocolHandler ["http-nio-auto-1"]
[2024-01-02 13:02:42 INFO  main] [org.springframework.boot.web.embedded.tomcat.TomcatWebServer] Tomcat started on port 51342 (http) with context path ''
[2024-01-02 13:02:42 INFO  main] [com.green.greengram3.feed.FeedIntegrationTest] Started FeedIntegrationTest in 1.959 seconds (process running for 2.818)
[2024-01-02 13:02:42 INFO  main] [com.zaxxer.hikari.HikariDataSource] HikariPool-1 - Starting...
[2024-01-02 13:02:42 INFO  main] [com.zaxxer.hikari.pool.HikariPool] HikariPool-1 - Added connection org.mariadb.jdbc.Connection@722b3ba2
[2024-01-02 13:02:42 INFO  main] [com.zaxxer.hikari.HikariDataSource] HikariPool-1 - Start completed.
[2024-01-02 13:02:43 INFO  SpringApplicationShutdownHook] [com.zaxxer.hikari.HikariDataSource] HikariPool-1 - Shutdown initiated...
[2024-01-02 13:02:43 INFO  SpringApplicationShutdownHook] [com.zaxxer.hikari.HikariDataSource] HikariPool-1 - Shutdown completed.
[2024-01-02 13:03:56 INFO  main] [com.green.greengram3.feed.FeedIntegrationTest] Starting FeedIntegrationTest using Java 17.0.8.1 with PID 5512 (started by Administrator in D:\Students\hyun\java\greengram3)
[2024-01-02 13:03:56 INFO  main] [com.green.greengram3.feed.FeedIntegrationTest] No active profile set, falling back to 1 default profile: "default"
[2024-01-02 13:03:57 INFO  main] [org.springframework.boot.web.embedded.tomcat.TomcatWebServer] Tomcat initialized with port 0 (http)
[2024-01-02 13:03:57 INFO  main] [org.apache.coyote.http11.Http11NioProtocol] Initializing ProtocolHandler ["http-nio-auto-1"]
[2024-01-02 13:03:57 INFO  main] [org.apache.catalina.core.StandardService] Starting service [Tomcat]
[2024-01-02 13:03:57 INFO  main] [org.apache.catalina.core.StandardEngine] Starting Servlet engine: [Apache Tomcat/10.1.16]
[2024-01-02 13:03:57 INFO  main] [org.apache.catalina.core.ContainerBase.[Tomcat].[localhost].[/]] Initializing Spring embedded WebApplicationContext
[2024-01-02 13:03:57 INFO  main] [org.springframework.boot.web.servlet.context.ServletWebServerApplicationContext] Root WebApplicationContext: initialization completed in 928 ms
[2024-01-02 13:03:57 INFO  main] [com.green.greengram3.common.FirebaseConfiguration] FirebaseApp Initialization Complete !!!
[2024-01-02 13:03:57 INFO  main] [org.springframework.boot.autoconfigure.web.servlet.WelcomePageHandlerMapping] Adding welcome page: class path resource [static/index.html]
[2024-01-02 13:03:57 INFO  main] [org.apache.catalina.core.ContainerBase.[Tomcat].[localhost].[/]] Initializing Spring TestDispatcherServlet ''
[2024-01-02 13:03:57 INFO  main] [org.springframework.test.web.servlet.TestDispatcherServlet] Initializing Servlet ''
[2024-01-02 13:03:57 INFO  main] [org.springframework.test.web.servlet.TestDispatcherServlet] Completed initialization in 1 ms
[2024-01-02 13:03:57 INFO  main] [org.apache.coyote.http11.Http11NioProtocol] Starting ProtocolHandler ["http-nio-auto-1"]
[2024-01-02 13:03:58 INFO  main] [org.springframework.boot.web.embedded.tomcat.TomcatWebServer] Tomcat started on port 51358 (http) with context path ''
[2024-01-02 13:03:58 INFO  main] [com.green.greengram3.feed.FeedIntegrationTest] Started FeedIntegrationTest in 1.938 seconds (process running for 2.776)
[2024-01-02 13:03:58 INFO  main] [com.zaxxer.hikari.HikariDataSource] HikariPool-1 - Starting...
[2024-01-02 13:03:58 INFO  main] [com.zaxxer.hikari.pool.HikariPool] HikariPool-1 - Added connection org.mariadb.jdbc.Connection@45f241df
[2024-01-02 13:03:58 INFO  main] [com.zaxxer.hikari.HikariDataSource] HikariPool-1 - Start completed.
[2024-01-02 13:03:58 INFO  SpringApplicationShutdownHook] [com.zaxxer.hikari.HikariDataSource] HikariPool-1 - Shutdown initiated...
[2024-01-02 13:03:58 INFO  SpringApplicationShutdownHook] [com.zaxxer.hikari.HikariDataSource] HikariPool-1 - Shutdown completed.
[2024-01-02 13:04:32 INFO  main] [com.green.greengram3.feed.FeedIntegrationTest] Starting FeedIntegrationTest using Java 17.0.8.1 with PID 8544 (started by Administrator in D:\Students\hyun\java\greengram3)
[2024-01-02 13:04:32 INFO  main] [com.green.greengram3.feed.FeedIntegrationTest] No active profile set, falling back to 1 default profile: "default"
[2024-01-02 13:04:33 INFO  main] [org.springframework.boot.web.embedded.tomcat.TomcatWebServer] Tomcat initialized with port 0 (http)
[2024-01-02 13:04:33 INFO  main] [org.apache.coyote.http11.Http11NioProtocol] Initializing ProtocolHandler ["http-nio-auto-1"]
[2024-01-02 13:04:33 INFO  main] [org.apache.catalina.core.StandardService] Starting service [Tomcat]
[2024-01-02 13:04:33 INFO  main] [org.apache.catalina.core.StandardEngine] Starting Servlet engine: [Apache Tomcat/10.1.16]
[2024-01-02 13:04:33 INFO  main] [org.apache.catalina.core.ContainerBase.[Tomcat].[localhost].[/]] Initializing Spring embedded WebApplicationContext
[2024-01-02 13:04:33 INFO  main] [org.springframework.boot.web.servlet.context.ServletWebServerApplicationContext] Root WebApplicationContext: initialization completed in 925 ms
[2024-01-02 13:04:33 INFO  main] [com.green.greengram3.common.FirebaseConfiguration] FirebaseApp Initialization Complete !!!
[2024-01-02 13:04:34 INFO  main] [org.springframework.boot.autoconfigure.web.servlet.WelcomePageHandlerMapping] Adding welcome page: class path resource [static/index.html]
[2024-01-02 13:04:34 INFO  main] [org.apache.catalina.core.ContainerBase.[Tomcat].[localhost].[/]] Initializing Spring TestDispatcherServlet ''
[2024-01-02 13:04:34 INFO  main] [org.springframework.test.web.servlet.TestDispatcherServlet] Initializing Servlet ''
[2024-01-02 13:04:34 INFO  main] [org.springframework.test.web.servlet.TestDispatcherServlet] Completed initialization in 1 ms
[2024-01-02 13:04:34 INFO  main] [org.apache.coyote.http11.Http11NioProtocol] Starting ProtocolHandler ["http-nio-auto-1"]
[2024-01-02 13:04:34 INFO  main] [org.springframework.boot.web.embedded.tomcat.TomcatWebServer] Tomcat started on port 51374 (http) with context path ''
[2024-01-02 13:04:34 INFO  main] [com.green.greengram3.feed.FeedIntegrationTest] Started FeedIntegrationTest in 1.926 seconds (process running for 2.789)
[2024-01-02 13:04:34 INFO  main] [com.zaxxer.hikari.HikariDataSource] HikariPool-1 - Starting...
[2024-01-02 13:04:34 INFO  main] [com.zaxxer.hikari.pool.HikariPool] HikariPool-1 - Added connection org.mariadb.jdbc.Connection@45f241df
[2024-01-02 13:04:34 INFO  main] [com.zaxxer.hikari.HikariDataSource] HikariPool-1 - Start completed.
[2024-01-02 13:04:35 INFO  SpringApplicationShutdownHook] [com.zaxxer.hikari.HikariDataSource] HikariPool-1 - Shutdown initiated...
[2024-01-02 13:04:35 INFO  SpringApplicationShutdownHook] [com.zaxxer.hikari.HikariDataSource] HikariPool-1 - Shutdown completed.
[2024-01-02 13:06:28 INFO  main] [com.green.greengram3.feed.FeedIntegrationTest] Starting FeedIntegrationTest using Java 17.0.8.1 with PID 1032 (started by Administrator in D:\Students\hyun\java\greengram3)
[2024-01-02 13:06:28 INFO  main] [com.green.greengram3.feed.FeedIntegrationTest] No active profile set, falling back to 1 default profile: "default"
[2024-01-02 13:06:30 INFO  main] [com.green.greengram3.feed.FeedIntegrationTest] Starting FeedIntegrationTest using Java 17.0.8.1 with PID 5520 (started by Administrator in D:\Students\hyun\java\greengram3)
[2024-01-02 13:06:30 INFO  main] [com.green.greengram3.feed.FeedIntegrationTest] No active profile set, falling back to 1 default profile: "default"
[2024-01-02 13:06:30 INFO  main] [org.springframework.boot.web.embedded.tomcat.TomcatWebServer] Tomcat initialized with port 0 (http)
[2024-01-02 13:06:30 INFO  main] [org.apache.coyote.http11.Http11NioProtocol] Initializing ProtocolHandler ["http-nio-auto-1"]
[2024-01-02 13:06:30 INFO  main] [org.apache.catalina.core.StandardService] Starting service [Tomcat]
[2024-01-02 13:06:30 INFO  main] [org.apache.catalina.core.StandardEngine] Starting Servlet engine: [Apache Tomcat/10.1.16]
[2024-01-02 13:06:30 INFO  main] [org.apache.catalina.core.ContainerBase.[Tomcat].[localhost].[/]] Initializing Spring embedded WebApplicationContext
[2024-01-02 13:06:30 INFO  main] [org.springframework.boot.web.servlet.context.ServletWebServerApplicationContext] Root WebApplicationContext: initialization completed in 1516 ms
[2024-01-02 13:06:30 INFO  main] [com.green.greengram3.common.FirebaseConfiguration] FirebaseApp Initialization Complete !!!
[2024-01-02 13:06:30 INFO  main] [org.springframework.boot.autoconfigure.web.servlet.WelcomePageHandlerMapping] Adding welcome page: class path resource [static/index.html]
[2024-01-02 13:06:31 INFO  main] [org.apache.catalina.core.ContainerBase.[Tomcat].[localhost].[/]] Initializing Spring TestDispatcherServlet ''
[2024-01-02 13:06:31 INFO  main] [org.springframework.test.web.servlet.TestDispatcherServlet] Initializing Servlet ''
[2024-01-02 13:06:31 INFO  main] [org.springframework.test.web.servlet.TestDispatcherServlet] Completed initialization in 1 ms
[2024-01-02 13:06:31 INFO  main] [org.apache.coyote.http11.Http11NioProtocol] Starting ProtocolHandler ["http-nio-auto-1"]
[2024-01-02 13:06:31 INFO  main] [org.springframework.boot.web.embedded.tomcat.TomcatWebServer] Tomcat initialized with port 0 (http)
[2024-01-02 13:06:31 INFO  main] [org.springframework.boot.web.embedded.tomcat.TomcatWebServer] Tomcat started on port 51399 (http) with context path ''
[2024-01-02 13:06:31 INFO  main] [org.apache.coyote.http11.Http11NioProtocol] Initializing ProtocolHandler ["http-nio-auto-1"]
[2024-01-02 13:06:31 INFO  main] [org.apache.catalina.core.StandardService] Starting service [Tomcat]
[2024-01-02 13:06:31 INFO  main] [org.apache.catalina.core.StandardEngine] Starting Servlet engine: [Apache Tomcat/10.1.16]
[2024-01-02 13:06:31 INFO  main] [com.green.greengram3.feed.FeedIntegrationTest] Started FeedIntegrationTest in 3.008 seconds (process running for 3.995)
[2024-01-02 13:06:31 INFO  main] [com.zaxxer.hikari.HikariDataSource] HikariPool-1 - Starting...
[2024-01-02 13:06:31 INFO  main] [org.apache.catalina.core.ContainerBase.[Tomcat].[localhost].[/]] Initializing Spring embedded WebApplicationContext
[2024-01-02 13:06:31 INFO  main] [org.springframework.boot.web.servlet.context.ServletWebServerApplicationContext] Root WebApplicationContext: initialization completed in 1336 ms
[2024-01-02 13:06:31 INFO  main] [com.zaxxer.hikari.pool.HikariPool] HikariPool-1 - Added connection org.mariadb.jdbc.Connection@5e020dd1
[2024-01-02 13:06:31 INFO  main] [com.zaxxer.hikari.HikariDataSource] HikariPool-1 - Start completed.
[2024-01-02 13:06:31 INFO  main] [com.green.greengram3.common.FirebaseConfiguration] FirebaseApp Initialization Complete !!!
[2024-01-02 13:06:31 INFO  main] [org.springframework.boot.autoconfigure.web.servlet.WelcomePageHandlerMapping] Adding welcome page: class path resource [static/index.html]
[2024-01-02 13:06:32 INFO  main] [org.apache.catalina.core.ContainerBase.[Tomcat].[localhost].[/]] Initializing Spring TestDispatcherServlet ''
[2024-01-02 13:06:32 INFO  main] [org.springframework.test.web.servlet.TestDispatcherServlet] Initializing Servlet ''
[2024-01-02 13:06:32 INFO  main] [org.springframework.test.web.servlet.TestDispatcherServlet] Completed initialization in 1 ms
[2024-01-02 13:06:32 INFO  main] [org.apache.coyote.http11.Http11NioProtocol] Starting ProtocolHandler ["http-nio-auto-1"]
[2024-01-02 13:06:32 INFO  main] [org.springframework.boot.web.embedded.tomcat.TomcatWebServer] Tomcat started on port 51410 (http) with context path ''
[2024-01-02 13:06:32 INFO  main] [com.green.greengram3.feed.FeedIntegrationTest] Started FeedIntegrationTest in 2.77 seconds (process running for 4.001)
[2024-01-02 13:06:32 INFO  main] [com.zaxxer.hikari.HikariDataSource] HikariPool-1 - Starting...
[2024-01-02 13:06:32 INFO  SpringApplicationShutdownHook] [com.zaxxer.hikari.HikariDataSource] HikariPool-1 - Shutdown initiated...
[2024-01-02 13:06:32 INFO  SpringApplicationShutdownHook] [com.zaxxer.hikari.HikariDataSource] HikariPool-1 - Shutdown completed.
[2024-01-02 13:06:32 INFO  main] [com.zaxxer.hikari.pool.HikariPool] HikariPool-1 - Added connection org.mariadb.jdbc.Connection@722b3ba2
[2024-01-02 13:06:32 INFO  main] [com.zaxxer.hikari.HikariDataSource] HikariPool-1 - Start completed.
[2024-01-02 13:06:33 INFO  SpringApplicationShutdownHook] [com.zaxxer.hikari.HikariDataSource] HikariPool-1 - Shutdown initiated...
[2024-01-02 13:06:33 INFO  SpringApplicationShutdownHook] [com.zaxxer.hikari.HikariDataSource] HikariPool-1 - Shutdown completed.
[2024-01-02 13:06:57 INFO  main] [com.green.greengram3.feed.FeedIntegrationTest] Starting FeedIntegrationTest using Java 17.0.8.1 with PID 4288 (started by Administrator in D:\Students\hyun\java\greengram3)
[2024-01-02 13:06:57 INFO  main] [com.green.greengram3.feed.FeedIntegrationTest] No active profile set, falling back to 1 default profile: "default"
[2024-01-02 13:06:58 INFO  main] [org.springframework.boot.web.embedded.tomcat.TomcatWebServer] Tomcat initialized with port 0 (http)
[2024-01-02 13:06:58 INFO  main] [org.apache.coyote.http11.Http11NioProtocol] Initializing ProtocolHandler ["http-nio-auto-1"]
[2024-01-02 13:06:58 INFO  main] [org.apache.catalina.core.StandardService] Starting service [Tomcat]
[2024-01-02 13:06:58 INFO  main] [org.apache.catalina.core.StandardEngine] Starting Servlet engine: [Apache Tomcat/10.1.16]
[2024-01-02 13:06:58 INFO  main] [org.apache.catalina.core.ContainerBase.[Tomcat].[localhost].[/]] Initializing Spring embedded WebApplicationContext
[2024-01-02 13:06:58 INFO  main] [org.springframework.boot.web.servlet.context.ServletWebServerApplicationContext] Root WebApplicationContext: initialization completed in 932 ms
[2024-01-02 13:06:58 INFO  main] [com.green.greengram3.common.FirebaseConfiguration] FirebaseApp Initialization Complete !!!
[2024-01-02 13:06:59 INFO  main] [org.springframework.boot.autoconfigure.web.servlet.WelcomePageHandlerMapping] Adding welcome page: class path resource [static/index.html]
[2024-01-02 13:06:59 INFO  main] [org.apache.catalina.core.ContainerBase.[Tomcat].[localhost].[/]] Initializing Spring TestDispatcherServlet ''
[2024-01-02 13:06:59 INFO  main] [org.springframework.test.web.servlet.TestDispatcherServlet] Initializing Servlet ''
[2024-01-02 13:06:59 INFO  main] [org.springframework.test.web.servlet.TestDispatcherServlet] Completed initialization in 1 ms
[2024-01-02 13:06:59 INFO  main] [org.apache.coyote.http11.Http11NioProtocol] Starting ProtocolHandler ["http-nio-auto-1"]
[2024-01-02 13:06:59 INFO  main] [org.springframework.boot.web.embedded.tomcat.TomcatWebServer] Tomcat started on port 51426 (http) with context path ''
[2024-01-02 13:06:59 INFO  main] [com.green.greengram3.feed.FeedIntegrationTest] Started FeedIntegrationTest in 1.961 seconds (process running for 2.87)
[2024-01-02 13:06:59 INFO  main] [com.zaxxer.hikari.HikariDataSource] HikariPool-1 - Starting...
[2024-01-02 13:06:59 INFO  main] [com.zaxxer.hikari.pool.HikariPool] HikariPool-1 - Added connection org.mariadb.jdbc.Connection@2b62475a
[2024-01-02 13:06:59 INFO  main] [com.zaxxer.hikari.HikariDataSource] HikariPool-1 - Start completed.
[2024-01-02 13:07:00 INFO  SpringApplicationShutdownHook] [com.zaxxer.hikari.HikariDataSource] HikariPool-1 - Shutdown initiated...
[2024-01-02 13:07:00 INFO  SpringApplicationShutdownHook] [com.zaxxer.hikari.HikariDataSource] HikariPool-1 - Shutdown completed.
